<?xml version="1.0" encoding="utf-8"?><testsuites name="pytest tests"><testsuite name="pytest" errors="0" failures="0" skipped="0" tests="17" time="24.294" timestamp="2026-03-06T02:11:16.062769+00:00" hostname="agent-env-284bad79-f13d-420a-b296-fe7fbeacdd3d"><testcase classname="backend.tests.test_profile_redesign.TestProfileEndpoint" name="test_profile_returns_followers_count" time="4.443" /><testcase classname="backend.tests.test_profile_redesign.TestProfileEndpoint" name="test_profile_returns_following_count" time="0.807" /><testcase classname="backend.tests.test_profile_redesign.TestProfileEndpoint" name="test_profile_returns_country" time="0.801" /><testcase classname="backend.tests.test_profile_redesign.TestProfileEndpoint" name="test_profile_returns_country_flag" time="0.787" /><testcase classname="backend.tests.test_profile_redesign.TestProfileEndpoint" name="test_profile_returns_categories_data" time="0.899" /><testcase classname="backend.tests.test_profile_redesign.TestProfileEndpoint" name="test_profile_returns_win_rate" time="0.778" /><testcase classname="backend.tests.test_profile_redesign.TestProfileEndpoint" name="test_profile_not_found" time="0.437" /><testcase classname="backend.tests.test_profile_redesign.TestPlayerProfileEndpoint" name="test_player_profile_returns_basic_info" time="0.883" /><testcase classname="backend.tests.test_profile_redesign.TestPlayerProfileEndpoint" name="test_player_profile_returns_country_and_flag" time="0.773" /><testcase classname="backend.tests.test_profile_redesign.TestPlayerProfileEndpoint" name="test_player_profile_returns_follower_counts" time="0.788" /><testcase classname="backend.tests.test_profile_redesign.TestPlayerProfileEndpoint" name="test_player_profile_returns_is_following" time="2.004" /><testcase classname="backend.tests.test_profile_redesign.TestPlayerProfileEndpoint" name="test_player_profile_returns_categories" time="0.768" /><testcase classname="backend.tests.test_profile_redesign.TestPlayerProfileEndpoint" name="test_player_profile_returns_posts" time="0.803" /><testcase classname="backend.tests.test_profile_redesign.TestFollowCountsUpdate" name="test_follow_increments_follower_count" time="2.989" /><testcase classname="backend.tests.test_profile_redesign.TestFollowCountsUpdate" name="test_unfollow_decrements_follower_count" time="2.736" /><testcase classname="backend.tests.test_profile_redesign.TestCountryFlag" name="test_known_country_has_correct_flag" time="1.799" /><testcase classname="backend.tests.test_profile_redesign.TestCountryFlag" name="test_player_profile_default_flag_for_unknown_country" time="1.750" /></testsuite></testsuites>