<?xml version="1.0" encoding="utf-8"?><testsuites name="pytest tests"><testsuite name="pytest" errors="0" failures="0" skipped="0" tests="19" time="54.519" timestamp="2026-03-06T01:38:41.763703+00:00" hostname="agent-env-284bad79-f13d-420a-b296-fe7fbeacdd3d"><testcase classname="backend.tests.test_player_social_suite.TestPlayerSearch" name="test_search_players_no_filters" time="2.539" /><testcase classname="backend.tests.test_player_social_suite.TestPlayerSearch" name="test_search_players_with_query" time="1.799" /><testcase classname="backend.tests.test_player_social_suite.TestPlayerSearch" name="test_search_players_with_category_filter" time="0.501" /><testcase classname="backend.tests.test_player_social_suite.TestPlayerProfile" name="test_get_player_profile_success" time="1.942" /><testcase classname="backend.tests.test_player_social_suite.TestPlayerProfile" name="test_get_player_profile_with_viewer" time="2.729" /><testcase classname="backend.tests.test_player_social_suite.TestPlayerProfile" name="test_get_player_profile_not_found" time="0.382" /><testcase classname="backend.tests.test_player_social_suite.TestPlayerFollow" name="test_follow_player_success" time="3.281" /><testcase classname="backend.tests.test_player_social_suite.TestPlayerFollow" name="test_unfollow_player" time="3.732" /><testcase classname="backend.tests.test_player_social_suite.TestPlayerFollow" name="test_self_follow_fails" time="0.971" /><testcase classname="backend.tests.test_player_social_suite.TestChatSend" name="test_send_message_success" time="2.885" /><testcase classname="backend.tests.test_player_social_suite.TestChatSend" name="test_send_empty_message_fails" time="1.871" /><testcase classname="backend.tests.test_player_social_suite.TestChatSend" name="test_send_too_long_message_fails" time="1.886" /><testcase classname="backend.tests.test_player_social_suite.TestChatSend" name="test_send_self_message_fails" time="0.990" /><testcase classname="backend.tests.test_player_social_suite.TestChatMessages" name="test_get_messages_between_users" time="5.073" /><testcase classname="backend.tests.test_player_social_suite.TestChatMessages" name="test_messages_marked_as_read" time="4.055" /><testcase classname="backend.tests.test_player_social_suite.TestChatConversations" name="test_get_conversations_list" time="6.473" /><testcase classname="backend.tests.test_player_social_suite.TestChatConversations" name="test_conversations_show_unread_count" time="5.572" /><testcase classname="backend.tests.test_player_social_suite.TestChatUnreadCount" name="test_get_unread_count" time="6.466" /><testcase classname="backend.tests.test_player_social_suite.TestChatUnreadCount" name="test_unread_count_empty" time="1.305" /></testsuite></testsuites>